[debug] [2017-06-19T13:37:30.375Z] ----------------------------------------------------------------------
[debug] [2017-06-19T13:37:30.388Z] Command:      /usr/local/Cellar/node/8.1.0_1/bin/node /usr/local/bin/firebase serve
[debug] [2017-06-19T13:37:30.389Z] CLI Version:  3.9.1
[debug] [2017-06-19T13:37:30.389Z] Platform:     darwin
[debug] [2017-06-19T13:37:30.389Z] Node Version: v8.1.0
[debug] [2017-06-19T13:37:30.405Z] Time:         Mon Jun 19 2017 09:37:30 GMT-0400 (EDT)
[debug] [2017-06-19T13:37:30.405Z] ----------------------------------------------------------------------
[debug] 
[debug] [2017-06-19T13:37:30.502Z] > command requires scopes: ["email","openid","https://www.googleapis.com/auth/cloudplatformprojects.readonly","https://www.googleapis.com/auth/firebase","https://www.googleapis.com/auth/cloud-platform"]
[debug] [2017-06-19T13:37:30.502Z] > authorizing via signed-in user
[debug] [2017-06-19T13:37:30.505Z] > refreshing access token with scopes: ["email","https://www.googleapis.com/auth/cloud-platform","https://www.googleapis.com/auth/cloudplatformprojects.readonly","https://www.googleapis.com/auth/firebase","openid"]
[debug] [2017-06-19T13:37:30.506Z] >>> HTTP REQUEST POST https://www.googleapis.com/oauth2/v3/token { refresh_token: '1/zQhagz9PnutG6_Uowo2EL1X4iBB9HKlGCFtY8j8SxUU',
  client_id: '563584335869-fgrhgmd47bqnekij5i8b5pr03ho849e6.apps.googleusercontent.com',
  client_secret: 'j9iVZfS8kkCEFUPaAeJV0sAi',
  grant_type: 'refresh_token',
  scope: 'email https://www.googleapis.com/auth/cloud-platform https://www.googleapis.com/auth/cloudplatformprojects.readonly https://www.googleapis.com/auth/firebase openid' } 
 Mon Jun 19 2017 09:37:30 GMT-0400 (EDT)
[debug] [2017-06-19T13:37:31.524Z] <<< HTTP RESPONSE 200
[debug] [2017-06-19T13:37:31.571Z] >>> HTTP REQUEST GET https://admin.firebase.com/v1/projects/note-app-de408  
 Mon Jun 19 2017 09:37:31 GMT-0400 (EDT)
[debug] [2017-06-19T13:37:32.607Z] <<< HTTP RESPONSE 200
[debug] [2017-06-19T13:37:32.608Z] >>> HTTP REQUEST GET https://admin.firebase.com/v1/database/note-app-de408/tokens  
 Mon Jun 19 2017 09:37:32 GMT-0400 (EDT)
[debug] [2017-06-19T13:37:32.978Z] <<< HTTP RESPONSE 200
[info] 
[info] === Serving from '/Users/milesaylward/Documents/Polymer/Polymer-Note-App'...
[info] 
[debug] [2017-06-19T13:37:32.982Z] >>> HTTP REQUEST GET https://cloudresourcemanager.googleapis.com/v1/projects/note-app-de408  
 Mon Jun 19 2017 09:37:32 GMT-0400 (EDT)
[debug] [2017-06-19T13:37:33.703Z] <<< HTTP RESPONSE 200
[debug] [2017-06-19T13:37:33.703Z] >>> HTTP REQUEST GET https://mobilesdk-pa.googleapis.com/v1/projects/862626095339/clients/_:getWebAppConfig  
 Mon Jun 19 2017 09:37:33 GMT-0400 (EDT)
[debug] [2017-06-19T13:37:35.463Z] <<< HTTP RESPONSE 200
[info] i  hosting: Serving hosting files from: public
[info] ✔  hosting: Local server: http://localhost:5000

